<?xml version="1.0" encoding="UTF-8"?>
<!-- Generated by org.testng.reporters.JUnitXMLReporter -->
<testsuite ignored="1" hostname="Surajs-MBP.lan" failures="0" tests="2" name="Test" time="0.055" errors="0" timestamp="2024-09-20T19:22:56 GMT-07:00">
  <testcase classname="mavendemoproject.MavenProject.Amz_LaunchQuit" name="@BeforeTest parallel_testing" time="-1.726885376785E9">
    <failure type="org.testng.TestNGException" message="
Parameter &amp;apos;browser&amp;apos; is required by BeforeTest on method parallel_testing but has not been marked @Optional or defined
in /Users/surajmahalle/Bhavna/bhavna-workspace/MavenProject/project1.xml">
      <![CDATA[org.testng.TestNGException: 
Parameter 'browser' is required by BeforeTest on method parallel_testing but has not been marked @Optional or defined
in /Users/surajmahalle/Bhavna/bhavna-workspace/MavenProject/project1.xml
... Removed 21 stack frames]]>
    </failure>
  </testcase> <!-- @BeforeTest parallel_testing -->
  <testcase classname="mavendemoproject.MavenProject.Amz_LaunchQuit" name="@AfterMethod quit" time="-1.726885376828E9">
    <skipped/>
  </testcase> <!-- @AfterMethod quit -->
  <testcase classname="mavendemoproject.MavenProject.Amz_LaunchQuit" name="@AfterMethod quit" time="-1.726885376835E9">
    <skipped/>
  </testcase> <!-- @AfterMethod quit -->
  <testcase classname="mavendemoproject.MavenProject.TestCase1_Register" name="Registration" time="0.0">
    <skipped/>
  </testcase> <!-- Registration -->
  <testcase classname="mavendemoproject.MavenProject.TestCase2_Successful_Login" name="login" time="0.0">
    <skipped/>
  </testcase> <!-- login -->
  <testcase classname="mavendemoproject.MavenProject.Amz_LaunchQuit" name="@BeforeTest parallel_testing" time="0.0">
    <ignored/>
  </testcase> <!-- @BeforeTest parallel_testing -->
</testsuite> <!-- Test -->
